<?xml version="1.0" encoding="UTF-8"?>
<!-- Generated by org.testng.reporters.JUnitXMLReporter -->
<testsuite hostname="DESKTOP-1Q8BS8U" ignored="0" name="Test" tests="3" failures="0" timestamp="06 Sep 2018 12:51:46 GMT" time="175.566" errors="0">
  <testcase name="clickInSearchPage" time="32.832" classname="com.generalone.SeriesOne.test.SearchPageTest">
    <skipped/>
  </testcase> <!-- clickInSearchPage -->
  <testcase name="clickInSearchPage" time="17.152" classname="com.generalone.SeriesOne.test.SearchPageTest"/>
  <testcase name="searchSomething" time="4.704" classname="com.generalone.SeriesOne.test.HomePageTest"/>
</testsuite> <!-- Test -->
