<?xml version="1.0" encoding="UTF-8"?>
<testng-results skipped="1" failed="0" ignored="0" total="3" passed="2">
  <reporter-output>
  </reporter-output>
  <suite name="Google Test" duration-ms="175566" started-at="2018-09-06T12:48:50Z" finished-at="2018-09-06T12:51:45Z">
    <groups>
    </groups>
    <test name="Test" duration-ms="175566" started-at="2018-09-06T12:48:50Z" finished-at="2018-09-06T12:51:45Z">
      <class name="com.generalone.SeriesOne.test.SearchPageTest">
        <test-method status="PASS" signature="initAll()[pri:0, instance:com.generalone.SeriesOne.test.SearchPageTest@61dc03ce]" name="initAll" is-config="true" duration-ms="19910" started-at="2018-09-06T18:18:50Z" finished-at="2018-09-06T18:19:10Z">
          <reporter-output>
          </reporter-output>
        </test-method> <!-- initAll -->
        <test-method status="SKIP" signature="clickInSearchPage()[pri:0, instance:com.generalone.SeriesOne.test.SearchPageTest@61dc03ce]" name="clickInSearchPage" duration-ms="32832" started-at="2018-09-06T18:19:10Z" finished-at="2018-09-06T18:19:42Z">
          <exception class="org.openqa.selenium.TimeoutException">
            <message>
              <![CDATA[timeout
  (Session info: chrome=68.0.3440.106)
  (Driver info: chromedriver=2.41.578737 (49da6702b16031c40d63e5618de03a32ff6c197e),platform=Windows NT 10.0.16299 x86_64) (WARNING: The server did not provide any stacktrace information)
Command duration or timeout: 0 milliseconds
Build info: version: '3.7.0', revision: '2321c73', time: '2017-11-02T22:22:35.584Z'
System info: host: 'DESKTOP-1Q8BS8U', ip: '192.168.31.158', os.name: 'Windows 10', os.arch: 'amd64', os.version: '10.0', java.version: '1.8.0_171'
Driver info: org.openqa.selenium.chrome.ChromeDriver
Capabilities {acceptInsecureCerts: false, acceptSslCerts: false, applicationCacheEnabled: false, browserConnectionEnabled: false, browserName: chrome, chrome: {chromedriverVersion: 2.41.578737 (49da6702b16031..., userDataDir: C:\Users\Dell\AppData\Local...}, cssSelectorsEnabled: true, databaseEnabled: false, goog:chromeOptions: {debuggerAddress: localhost:62017}, handlesAlerts: true, hasTouchScreen: false, javascriptEnabled: true, locationContextEnabled: true, mobileEmulationEnabled: false, nativeEvents: true, networkConnectionEnabled: false, pageLoadStrategy: normal, platform: XP, platformName: XP, rotatable: false, setWindowRect: true, takesHeapSnapshot: true, takesScreenshot: true, unexpectedAlertBehaviour: , unhandledPromptBehavior: , version: 68.0.3440.106, webStorageEnabled: true}
Session ID: b1dde99f37b19fcd22c3887ae365525e]]>
            </message>
            <full-stacktrace>
              <![CDATA[org.openqa.selenium.TimeoutException: timeout
  (Session info: chrome=68.0.3440.106)
  (Driver info: chromedriver=2.41.578737 (49da6702b16031c40d63e5618de03a32ff6c197e),platform=Windows NT 10.0.16299 x86_64) (WARNING: The server did not provide any stacktrace information)
Command duration or timeout: 0 milliseconds
Build info: version: '3.7.0', revision: '2321c73', time: '2017-11-02T22:22:35.584Z'
System info: host: 'DESKTOP-1Q8BS8U', ip: '192.168.31.158', os.name: 'Windows 10', os.arch: 'amd64', os.version: '10.0', java.version: '1.8.0_171'
Driver info: org.openqa.selenium.chrome.ChromeDriver
Capabilities {acceptInsecureCerts: false, acceptSslCerts: false, applicationCacheEnabled: false, browserConnectionEnabled: false, browserName: chrome, chrome: {chromedriverVersion: 2.41.578737 (49da6702b16031..., userDataDir: C:\Users\Dell\AppData\Local...}, cssSelectorsEnabled: true, databaseEnabled: false, goog:chromeOptions: {debuggerAddress: localhost:62017}, handlesAlerts: true, hasTouchScreen: false, javascriptEnabled: true, locationContextEnabled: true, mobileEmulationEnabled: false, nativeEvents: true, networkConnectionEnabled: false, pageLoadStrategy: normal, platform: XP, platformName: XP, rotatable: false, setWindowRect: true, takesHeapSnapshot: true, takesScreenshot: true, unexpectedAlertBehaviour: , unhandledPromptBehavior: , version: 68.0.3440.106, webStorageEnabled: true}
Session ID: b1dde99f37b19fcd22c3887ae365525e
	at sun.reflect.NativeConstructorAccessorImpl.newInstance0(Native Method)
	at sun.reflect.NativeConstructorAccessorImpl.newInstance(Unknown Source)
	at sun.reflect.DelegatingConstructorAccessorImpl.newInstance(Unknown Source)
	at java.lang.reflect.Constructor.newInstance(Unknown Source)
	at org.openqa.selenium.remote.ErrorHandler.createThrowable(ErrorHandler.java:214)
	at org.openqa.selenium.remote.ErrorHandler.throwIfResponseFailed(ErrorHandler.java:166)
	at org.openqa.selenium.remote.http.JsonHttpResponseCodec.reconstructValue(JsonHttpResponseCodec.java:40)
	at org.openqa.selenium.remote.http.AbstractHttpResponseCodec.decode(AbstractHttpResponseCodec.java:80)
	at org.openqa.selenium.remote.http.AbstractHttpResponseCodec.decode(AbstractHttpResponseCodec.java:44)
	at org.openqa.selenium.remote.HttpCommandExecutor.execute(HttpCommandExecutor.java:164)
	at org.openqa.selenium.remote.service.DriverCommandExecutor.execute(DriverCommandExecutor.java:83)
	at org.openqa.selenium.remote.RemoteWebDriver.execute(RemoteWebDriver.java:600)
	at org.openqa.selenium.remote.RemoteWebElement.execute(RemoteWebElement.java:279)
	at org.openqa.selenium.remote.RemoteWebElement.click(RemoteWebElement.java:83)
	at sun.reflect.NativeMethodAccessorImpl.invoke0(Native Method)
	at sun.reflect.NativeMethodAccessorImpl.invoke(Unknown Source)
	at sun.reflect.DelegatingMethodAccessorImpl.invoke(Unknown Source)
	at java.lang.reflect.Method.invoke(Unknown Source)
	at org.openqa.selenium.support.events.EventFiringWebDriver$EventFiringWebElement$1.invoke(EventFiringWebDriver.java:376)
	at com.sun.proxy.$Proxy10.click(Unknown Source)
	at org.openqa.selenium.support.events.EventFiringWebDriver$EventFiringWebElement.click(EventFiringWebDriver.java:389)
	at Pages.SearchPage.clickOnText(SearchPage.java:31)
	at com.generalone.SeriesOne.test.SearchPageTest.clickInSearchPage(SearchPageTest.java:45)
	at sun.reflect.NativeMethodAccessorImpl.invoke0(Native Method)
	at sun.reflect.NativeMethodAccessorImpl.invoke(Unknown Source)
	at sun.reflect.DelegatingMethodAccessorImpl.invoke(Unknown Source)
	at java.lang.reflect.Method.invoke(Unknown Source)
	at org.testng.internal.MethodInvocationHelper.invokeMethod(MethodInvocationHelper.java:108)
	at org.testng.internal.Invoker.invokeMethod(Invoker.java:661)
	at org.testng.internal.Invoker.invokeTestMethod(Invoker.java:869)
	at org.testng.internal.Invoker.invokeTestMethods(Invoker.java:1193)
	at org.testng.internal.TestMethodWorker.invokeTestMethods(TestMethodWorker.java:126)
	at org.testng.internal.TestMethodWorker.run(TestMethodWorker.java:109)
	at org.testng.TestRunner.privateRun(TestRunner.java:744)
	at org.testng.TestRunner.run(TestRunner.java:602)
	at org.testng.SuiteRunner.runTest(SuiteRunner.java:380)
	at org.testng.SuiteRunner.runSequentially(SuiteRunner.java:375)
	at org.testng.SuiteRunner.privateRun(SuiteRunner.java:340)
	at org.testng.SuiteRunner.run(SuiteRunner.java:289)
	at org.testng.SuiteRunnerWorker.runSuite(SuiteRunnerWorker.java:52)
	at org.testng.SuiteRunnerWorker.run(SuiteRunnerWorker.java:86)
	at org.testng.TestNG.runSuitesSequentially(TestNG.java:1301)
	at org.testng.TestNG.runSuitesLocally(TestNG.java:1226)
	at org.testng.TestNG.runSuites(TestNG.java:1144)
	at org.testng.TestNG.run(TestNG.java:1115)
	at org.apache.maven.surefire.testng.TestNGExecutor.run(TestNGExecutor.java:283)
	at org.apache.maven.surefire.testng.TestNGXmlTestSuite.execute(TestNGXmlTestSuite.java:75)
	at org.apache.maven.surefire.testng.TestNGProvider.invoke(TestNGProvider.java:120)
	at org.apache.maven.surefire.booter.ForkedBooter.invokeProviderInSameClassLoader(ForkedBooter.java:383)
	at org.apache.maven.surefire.booter.ForkedBooter.runSuitesInProcess(ForkedBooter.java:344)
	at org.apache.maven.surefire.booter.ForkedBooter.execute(ForkedBooter.java:125)
	at org.apache.maven.surefire.booter.ForkedBooter.main(ForkedBooter.java:417)
]]>
            </full-stacktrace>
          </exception> <!-- org.openqa.selenium.TimeoutException -->
          <reporter-output>
          </reporter-output>
        </test-method> <!-- clickInSearchPage -->
        <test-method status="PASS" signature="quitAll()[pri:0, instance:com.generalone.SeriesOne.test.SearchPageTest@61dc03ce]" name="quitAll" is-config="true" duration-ms="2241" started-at="2018-09-06T18:20:40Z" finished-at="2018-09-06T18:20:43Z">
          <reporter-output>
          </reporter-output>
        </test-method> <!-- quitAll -->
        <test-method status="PASS" signature="initAll()[pri:0, instance:com.generalone.SeriesOne.test.SearchPageTest@61dc03ce]" name="initAll" is-config="true" duration-ms="26513" started-at="2018-09-06T18:20:43Z" finished-at="2018-09-06T18:21:09Z">
          <reporter-output>
          </reporter-output>
        </test-method> <!-- initAll -->
        <test-method status="PASS" signature="clickInSearchPage()[pri:0, instance:com.generalone.SeriesOne.test.SearchPageTest@61dc03ce]" name="clickInSearchPage" duration-ms="17152" started-at="2018-09-06T18:21:09Z" finished-at="2018-09-06T18:21:26Z">
          <reporter-output>
          </reporter-output>
        </test-method> <!-- clickInSearchPage -->
        <test-method status="PASS" signature="quitAll()[pri:0, instance:com.generalone.SeriesOne.test.SearchPageTest@61dc03ce]" name="quitAll" is-config="true" duration-ms="1362" started-at="2018-09-06T18:21:26Z" finished-at="2018-09-06T18:21:28Z">
          <reporter-output>
          </reporter-output>
        </test-method> <!-- quitAll -->
      </class> <!-- com.generalone.SeriesOne.test.SearchPageTest -->
      <class name="com.generalone.SeriesOne.test.HomePageTest">
        <test-method status="PASS" signature="initAll()[pri:0, instance:com.generalone.SeriesOne.test.HomePageTest@50f8360d]" name="initAll" is-config="true" duration-ms="11566" started-at="2018-09-06T18:21:28Z" finished-at="2018-09-06T18:21:39Z">
          <reporter-output>
          </reporter-output>
        </test-method> <!-- initAll -->
        <test-method status="PASS" signature="searchSomething()[pri:0, instance:com.generalone.SeriesOne.test.HomePageTest@50f8360d]" name="searchSomething" duration-ms="4704" started-at="2018-09-06T18:21:39Z" finished-at="2018-09-06T18:21:44Z">
          <reporter-output>
          </reporter-output>
        </test-method> <!-- searchSomething -->
        <test-method status="PASS" signature="quitAll()[pri:0, instance:com.generalone.SeriesOne.test.HomePageTest@50f8360d]" name="quitAll" is-config="true" duration-ms="1251" started-at="2018-09-06T18:21:44Z" finished-at="2018-09-06T18:21:45Z">
          <reporter-output>
          </reporter-output>
        </test-method> <!-- quitAll -->
      </class> <!-- com.generalone.SeriesOne.test.HomePageTest -->
    </test> <!-- Test -->
  </suite> <!-- Google Test -->
</testng-results>
