<?xml version="1.0" encoding="UTF-8"?>
<testsuite xmlns:xsi="http://www.w3.org/2001/XMLSchema-instance" xsi:noNamespaceSchemaLocation="https://maven.apache.org/surefire/maven-surefire-plugin/xsd/surefire-test-report.xsd" name="TestSuite" time="178.871" tests="3" errors="0" skipped="1" failures="0">
  <properties>
[...]
</properties>
  <testcase name="clickInSearchPage" classname="com.generalone.SeriesOne.test.SearchPageTest" time="0">
    <skipped message="timeout&#10;  (Session info: chrome=68.0.3440.106)&#10;  (Driver info: chromedriver=2.41.578737 (49da6702b16031c40d63e5618de03a32ff6c197e),platform=Windows NT 10.0.16299 x86_64) (WARNING: The server did not provide any stacktrace information)&#10;Command duration or timeout: 0 milliseconds&#10;Build info: version: &apos;3.7.0&apos;, revision: &apos;2321c73&apos;, time: &apos;2017-11-02T22:22:35.584Z&apos;&#10;System info: host: &apos;DESKTOP-1Q8BS8U&apos;, ip: &apos;192.168.31.158&apos;, os.name: &apos;Windows 10&apos;, os.arch: &apos;amd64&apos;, os.version: &apos;10.0&apos;, java.version: &apos;1.8.0_171&apos;&#10;Driver info: org.openqa.selenium.chrome.ChromeDriver&#10;Capabilities {acceptInsecureCerts: false, acceptSslCerts: false, applicationCacheEnabled: false, browserConnectionEnabled: false, browserName: chrome, chrome: {chromedriverVersion: 2.41.578737 (49da6702b16031..., userDataDir: C:\Users\Dell\AppData\Local...}, cssSelectorsEnabled: true, databaseEnabled: false, goog:chromeOptions: {debuggerAddress: localhost:62017}, handlesAlerts: true, hasTouchScreen: false, javascriptEnabled: true, locationContextEnabled: true, mobileEmulationEnabled: false, nativeEvents: true, networkConnectionEnabled: false, pageLoadStrategy: normal, platform: XP, platformName: XP, rotatable: false, setWindowRect: true, takesHeapSnapshot: true, takesScreenshot: true, unexpectedAlertBehaviour: , unhandledPromptBehavior: , version: 68.0.3440.106, webStorageEnabled: true}&#10;Session ID: b1dde99f37b19fcd22c3887ae365525e"/>
    <system-out><![CDATA[I am on the start methodTest
Before Navigating to the url: http://google.com
After Navigating to the url: http://google.com
Before find by: By.id: lst-ib
After find by: By.id: lst-ib
Before find by: By.name: btnK
After find by: By.name: btnK
Before click on element: [[ChromeDriver: chrome on XP (b1dde99f37b19fcd22c3887ae365525e)] -> name: btnK]
After click on element: [[ChromeDriver: chrome on XP (b1dde99f37b19fcd22c3887ae365525e)] -> name: btnK]
I am on the start of a test method: clickInSearchPagestarts
Before find by: By.all({By.xpath: .//div[@class='rSr7Wd']//descendant::div[contains(@class,'So9e7d')]})
After find by: By.all({By.xpath: .//div[@class='rSr7Wd']//descendant::div[contains(@class,'So9e7d')]})
Teacher
Before find by: By.all({By.xpath: .//div[@class='rSr7Wd']//descendant::div[contains(@class,'So9e7d')]})
After find by: By.all({By.xpath: .//div[@class='rSr7Wd']//descendant::div[contains(@class,'So9e7d')]})
Before find by: By.all({By.xpath: .//div[@class='rSr7Wd']//descendant::div[contains(@class,'So9e7d')]})
After find by: By.all({By.xpath: .//div[@class='rSr7Wd']//descendant::div[contains(@class,'So9e7d')]})
Teacher’s Day: Bollywood celebs remember their inspiring mentors
Times of India
23 hours ago
Before find by: By.all({By.xpath: .//div[@class='rSr7Wd']//descendant::div[contains(@class,'So9e7d')]})
After find by: By.all({By.xpath: .//div[@class='rSr7Wd']//descendant::div[contains(@class,'So9e7d')]})
Before click on element: [[ChromeDriver: chrome on XP (b1dde99f37b19fcd22c3887ae365525e)] -> xpath: .//div[@class='rSr7Wd']//descendant::div[contains(@class,'So9e7d')]]
]]></system-out>
    <system-err><![CDATA[Starting ChromeDriver 2.41.578737 (49da6702b16031c40d63e5618de03a32ff6c197e) on port 18603
Only local connections are allowed.
Sep 06, 2018 6:18:57 PM org.openqa.selenium.remote.ProtocolHandshake createSession
INFO: Detected dialect: OSS
[1536238182.489][SEVERE]: Timed out receiving message from renderer: 30.000
[1536238182.580][SEVERE]: Timed out receiving message from renderer: -0.096
]]></system-err>
  </testcase>
  <testcase name="clickInSearchPage" classname="com.generalone.SeriesOne.test.SearchPageTest" time="17.153"/>
  <testcase name="searchSomething" classname="com.generalone.SeriesOne.test.HomePageTest" time="4.706"/>
</testsuite>